<?xml version="1.0" encoding="UTF-8"?>
<testng-results skipped="0" failed="0" ignored="0" total="1" passed="1">
  <reporter-output>
  </reporter-output>
  <suite name="Default suite" duration-ms="5882" started-at="2021-06-20T08:11:58 IDT" finished-at="2021-06-20T08:12:04 IDT">
    <groups>
    </groups>
    <test name="Default test" duration-ms="5882" started-at="2021-06-20T08:11:58 IDT" finished-at="2021-06-20T08:12:04 IDT">
      <class name="guru99.test.Test99GuruLoginWithPageFactory">
        <test-method status="PASS" signature="setup()[pri:0, instance:guru99.test.Test99GuruLoginWithPageFactory@3a5ed7a6]" name="setup" is-config="true" duration-ms="3919" started-at="2021-06-20T08:11:58 IDT" finished-at="2021-06-20T08:12:02 IDT">
          <reporter-output>
          </reporter-output>
        </test-method> <!-- setup -->
        <test-method status="PASS" signature="test_Home_Page_Appear_Correct()[pri:0, instance:guru99.test.Test99GuruLoginWithPageFactory@3a5ed7a6]" name="test_Home_Page_Appear_Correct" duration-ms="1926" started-at="2021-06-20T08:12:02 IDT" finished-at="2021-06-20T08:12:04 IDT">
          <reporter-output>
          </reporter-output>
        </test-method> <!-- test_Home_Page_Appear_Correct -->
      </class> <!-- guru99.test.Test99GuruLoginWithPageFactory -->
    </test> <!-- Default test -->
  </suite> <!-- Default suite -->
</testng-results>
